[INFO ] 2024-03-15 14:44:05.646 [main] StepDef - Set up Execution...
[INFO ] 2024-03-15 14:44:05.657 [main] StepDef - Before step Set Up Executed...
[INFO ] 2024-03-15 14:44:05.833 [main] StepDef - User Launch Chrome browser Executed...
[INFO ] 2024-03-15 14:44:05.837 [main] StepDef - Failed Test Case Screenshot...
[INFO ] 2024-03-15 14:44:05.839 [main] StepDef - Before step Set Up Executed...
[INFO ] 2024-03-15 14:44:06.535 [main] StepDef - User opens URL Executed...
[INFO ] 2024-03-15 14:44:06.536 [main] StepDef - Failed Test Case Screenshot...
[INFO ] 2024-03-15 14:44:06.537 [main] StepDef - Before step Set Up Executed...
[INFO ] 2024-03-15 14:44:06.887 [main] StepDef - User enters Email and Password Executed...
[INFO ] 2024-03-15 14:44:06.888 [main] StepDef - Failed Test Case Screenshot...
[INFO ] 2024-03-15 14:44:06.889 [main] StepDef - Before step Set Up Executed...
[INFO ] 2024-03-15 14:44:10.816 [main] StepDef - Click on Login Executed...
[INFO ] 2024-03-15 14:44:10.818 [main] StepDef - Failed Test Case Screenshot...
[INFO ] 2024-03-15 14:44:10.819 [main] StepDef - Before step Set Up Executed...
[WARN ] 2024-03-15 14:44:10.832 [main] StepDef - User can view Dashboad Executed...
[INFO ] 2024-03-15 14:44:10.833 [main] StepDef - Failed Test Case Screenshot...
[INFO ] 2024-03-15 14:44:10.835 [main] StepDef - Before step Set Up Executed...
[INFO ] 2024-03-15 14:44:11.912 [main] StepDef - User click on customers Menu Executed...
[INFO ] 2024-03-15 14:44:11.914 [main] StepDef - Failed Test Case Screenshot...
[INFO ] 2024-03-15 14:44:11.916 [main] StepDef - Before step Set Up Executed...
[INFO ] 2024-03-15 14:44:13.806 [main] StepDef - click on customers Menu Item Executed...
[INFO ] 2024-03-15 14:44:13.808 [main] StepDef - Failed Test Case Screenshot...
[INFO ] 2024-03-15 14:44:13.809 [main] StepDef - Before step Set Up Executed...
[INFO ] 2024-03-15 14:44:14.426 [main] StepDef - click on Add new button Executed...
[INFO ] 2024-03-15 14:44:14.428 [main] StepDef - Failed Test Case Screenshot...
[INFO ] 2024-03-15 14:44:14.428 [main] StepDef - Before step Set Up Executed...
[WARN ] 2024-03-15 14:44:14.440 [main] StepDef - User can view Add new customer page Executed...
[INFO ] 2024-03-15 14:44:14.441 [main] StepDef - Failed Test Case Screenshot...
[INFO ] 2024-03-15 14:44:14.443 [main] StepDef - Before step Set Up Executed...
[INFO ] 2024-03-15 14:44:16.527 [main] StepDef - User enter customer info Executed...
[INFO ] 2024-03-15 14:44:16.527 [main] StepDef - Failed Test Case Screenshot...
[INFO ] 2024-03-15 14:44:16.527 [main] StepDef - Before step Set Up Executed...
[INFO ] 2024-03-15 14:44:17.601 [main] StepDef - click on Save button Executed...
[INFO ] 2024-03-15 14:44:17.601 [main] StepDef - Failed Test Case Screenshot...
[INFO ] 2024-03-15 14:44:17.601 [main] StepDef - Before step Set Up Executed...
[WARN ] 2024-03-15 14:44:18.248 [main] StepDef - User cant view confirmation message Executed...
[INFO ] 2024-03-15 14:44:18.254 [main] StepDef - Failed Test Case Screenshot...
[INFO ] 2024-03-15 14:44:18.254 [main] StepDef - Before step Set Up Executed...
[INFO ] 2024-03-15 14:44:18.547 [main] StepDef - close browser Executed...
[INFO ] 2024-03-15 14:44:18.547 [main] StepDef - Failed Test Case Screenshot...
[INFO ] 2024-03-15 14:44:18.547 [main] StepDef - Failed Scenario Screenshot...
[INFO ] 2024-03-15 14:44:20.606 [main] StepDef - Set up Execution...
[INFO ] 2024-03-15 14:44:20.606 [main] StepDef - Before step Set Up Executed...
[INFO ] 2024-03-15 14:44:20.750 [main] StepDef - User Launch Chrome browser Executed...
[INFO ] 2024-03-15 14:44:20.750 [main] StepDef - Failed Test Case Screenshot...
[INFO ] 2024-03-15 14:44:20.750 [main] StepDef - Before step Set Up Executed...
[INFO ] 2024-03-15 14:44:22.155 [main] StepDef - User opens URL Executed...
[INFO ] 2024-03-15 14:44:22.157 [main] StepDef - Failed Test Case Screenshot...
[INFO ] 2024-03-15 14:44:22.158 [main] StepDef - Before step Set Up Executed...
[INFO ] 2024-03-15 14:44:22.736 [main] StepDef - User enters Email and Password Executed...
[INFO ] 2024-03-15 14:44:22.736 [main] StepDef - Failed Test Case Screenshot...
[INFO ] 2024-03-15 14:44:22.736 [main] StepDef - Before step Set Up Executed...
[INFO ] 2024-03-15 14:44:26.686 [main] StepDef - Click on Login Executed...
[INFO ] 2024-03-15 14:44:26.688 [main] StepDef - Failed Test Case Screenshot...
[INFO ] 2024-03-15 14:44:26.689 [main] StepDef - Before step Set Up Executed...
[WARN ] 2024-03-15 14:44:26.706 [main] StepDef - User can view Dashboad Executed...
[INFO ] 2024-03-15 14:44:26.707 [main] StepDef - Failed Test Case Screenshot...
[INFO ] 2024-03-15 14:44:26.708 [main] StepDef - Before step Set Up Executed...
[INFO ] 2024-03-15 14:44:27.806 [main] StepDef - User click on customers Menu Executed...
[INFO ] 2024-03-15 14:44:27.807 [main] StepDef - Failed Test Case Screenshot...
[INFO ] 2024-03-15 14:44:27.808 [main] StepDef - Before step Set Up Executed...
[INFO ] 2024-03-15 14:44:29.869 [main] StepDef - click on customers Menu Item Executed...
[INFO ] 2024-03-15 14:44:29.871 [main] StepDef - Failed Test Case Screenshot...
[INFO ] 2024-03-15 14:44:29.871 [main] StepDef - Before step Set Up Executed...
[INFO ] 2024-03-15 14:44:31.079 [main] StepDef - Enter customer EMail Executed...
[INFO ] 2024-03-15 14:44:31.079 [main] StepDef - Failed Test Case Screenshot...
[INFO ] 2024-03-15 14:44:31.079 [main] StepDef - Before step Set Up Executed...
[INFO ] 2024-03-15 14:44:32.195 [main] StepDef - Click on search button Executed...
[INFO ] 2024-03-15 14:44:32.195 [main] StepDef - Failed Test Case Screenshot...
[INFO ] 2024-03-15 14:44:32.195 [main] StepDef - Before step Set Up Executed...
[WARN ] 2024-03-15 14:44:32.300 [main] StepDef - User found Email in the Search table Executed...
[INFO ] 2024-03-15 14:44:32.300 [main] StepDef - Failed Test Case Screenshot...
[INFO ] 2024-03-15 14:44:32.300 [main] StepDef - Before step Set Up Executed...
[INFO ] 2024-03-15 14:44:32.587 [main] StepDef - close browser Executed...
[INFO ] 2024-03-15 14:44:32.587 [main] StepDef - Failed Test Case Screenshot...
[INFO ] 2024-03-15 14:44:32.587 [main] StepDef - Failed Scenario Screenshot...
[INFO ] 2024-03-15 14:44:34.619 [main] StepDef - Set up Execution...
[INFO ] 2024-03-15 14:44:34.620 [main] StepDef - Before step Set Up Executed...
[INFO ] 2024-03-15 14:44:34.753 [main] StepDef - User Launch Chrome browser Executed...
[INFO ] 2024-03-15 14:44:34.753 [main] StepDef - Failed Test Case Screenshot...
[INFO ] 2024-03-15 14:44:34.760 [main] StepDef - Before step Set Up Executed...
[INFO ] 2024-03-15 14:44:37.151 [main] StepDef - User opens URL Executed...
[INFO ] 2024-03-15 14:44:37.151 [main] StepDef - Failed Test Case Screenshot...
[INFO ] 2024-03-15 14:44:37.152 [main] StepDef - Before step Set Up Executed...
[INFO ] 2024-03-15 14:44:37.665 [main] StepDef - User enters Email and Password Executed...
[INFO ] 2024-03-15 14:44:37.666 [main] StepDef - Failed Test Case Screenshot...
[INFO ] 2024-03-15 14:44:37.667 [main] StepDef - Before step Set Up Executed...
[INFO ] 2024-03-15 14:44:41.616 [main] StepDef - Click on Login Executed...
[INFO ] 2024-03-15 14:44:41.617 [main] StepDef - Failed Test Case Screenshot...
[INFO ] 2024-03-15 14:44:41.618 [main] StepDef - Before step Set Up Executed...
[WARN ] 2024-03-15 14:44:41.631 [main] StepDef - User can view Dashboad Executed...
[INFO ] 2024-03-15 14:44:41.632 [main] StepDef - Failed Test Case Screenshot...
[INFO ] 2024-03-15 14:44:41.633 [main] StepDef - Before step Set Up Executed...
[INFO ] 2024-03-15 14:44:42.759 [main] StepDef - User click on customers Menu Executed...
[INFO ] 2024-03-15 14:44:42.760 [main] StepDef - Failed Test Case Screenshot...
[INFO ] 2024-03-15 14:44:42.760 [main] StepDef - Before step Set Up Executed...
[INFO ] 2024-03-15 14:44:44.592 [main] StepDef - click on customers Menu Item Executed...
[INFO ] 2024-03-15 14:44:44.593 [main] StepDef - Failed Test Case Screenshot...
[INFO ] 2024-03-15 14:44:44.593 [main] StepDef - Before step Set Up Executed...
[INFO ] 2024-03-15 14:44:44.739 [main] StepDef - Enter customer First Name Executed...
[INFO ] 2024-03-15 14:44:44.739 [main] StepDef - Failed Test Case Screenshot...
[INFO ] 2024-03-15 14:44:44.739 [main] StepDef - Before step Set Up Executed...
[INFO ] 2024-03-15 14:44:44.869 [main] StepDef - Enter customer Last Name Executed...
[INFO ] 2024-03-15 14:44:44.870 [main] StepDef - Failed Test Case Screenshot...
[INFO ] 2024-03-15 14:44:44.870 [main] StepDef - Before step Set Up Executed...
[INFO ] 2024-03-15 14:44:45.968 [main] StepDef - Click on search button Executed...
[INFO ] 2024-03-15 14:44:45.969 [main] StepDef - Failed Test Case Screenshot...
[INFO ] 2024-03-15 14:44:45.970 [main] StepDef - Before step Set Up Executed...
[INFO ] 2024-03-15 14:44:46.114 [main] StepDef - User found Name in the Search table Executed...
[INFO ] 2024-03-15 14:44:46.114 [main] StepDef - Failed Test Case Screenshot...
[INFO ] 2024-03-15 14:44:46.114 [main] StepDef - Before step Set Up Executed...
[INFO ] 2024-03-15 14:44:46.416 [main] StepDef - close browser Executed...
[INFO ] 2024-03-15 14:44:46.416 [main] StepDef - Failed Test Case Screenshot...
[INFO ] 2024-03-15 14:44:46.416 [main] StepDef - Failed Scenario Screenshot...
[INFO ] 2024-03-15 14:44:48.500 [main] StepDef - Set up Execution...
[INFO ] 2024-03-15 14:44:48.502 [main] StepDef - Before step Set Up Executed...
[INFO ] 2024-03-15 14:44:48.636 [main] StepDef - User Launch Chrome browser Executed...
[INFO ] 2024-03-15 14:44:48.638 [main] StepDef - Failed Test Case Screenshot...
[INFO ] 2024-03-15 14:44:48.639 [main] StepDef - Before step Set Up Executed...
[INFO ] 2024-03-15 14:44:50.450 [main] StepDef - User opens URL Executed...
[INFO ] 2024-03-15 14:44:50.451 [main] StepDef - Failed Test Case Screenshot...
[INFO ] 2024-03-15 14:44:50.452 [main] StepDef - Before step Set Up Executed...
[INFO ] 2024-03-15 14:44:50.944 [main] StepDef - User enters Email and Password Executed...
[INFO ] 2024-03-15 14:44:50.944 [main] StepDef - Failed Test Case Screenshot...
[INFO ] 2024-03-15 14:44:50.944 [main] StepDef - Before step Set Up Executed...
[INFO ] 2024-03-15 14:44:55.888 [main] StepDef - Click on Login Executed...
[INFO ] 2024-03-15 14:44:55.888 [main] StepDef - Failed Test Case Screenshot...
[INFO ] 2024-03-15 14:44:55.889 [main] StepDef - Before step Set Up Executed...
[WARN ] 2024-03-15 14:44:55.901 [main] StepDef - Page Title matched...
[INFO ] 2024-03-15 14:44:55.901 [main] StepDef - Failed Test Case Screenshot...
[INFO ] 2024-03-15 14:44:55.902 [main] StepDef - Before step Set Up Executed...
[INFO ] 2024-03-15 14:44:57.563 [main] StepDef - User click on Log out link Executed...
[INFO ] 2024-03-15 14:44:57.564 [main] StepDef - Failed Test Case Screenshot...
[INFO ] 2024-03-15 14:44:57.564 [main] StepDef - Before step Set Up Executed...
[WARN ] 2024-03-15 14:44:57.621 [main] StepDef - Page Title matched...
[INFO ] 2024-03-15 14:44:57.621 [main] StepDef - Failed Test Case Screenshot...
[INFO ] 2024-03-15 14:44:57.621 [main] StepDef - Before step Set Up Executed...
[INFO ] 2024-03-15 14:44:57.852 [main] StepDef - close browser Executed...
[INFO ] 2024-03-15 14:44:57.852 [main] StepDef - Failed Test Case Screenshot...
[INFO ] 2024-03-15 14:44:57.852 [main] StepDef - Failed Scenario Screenshot...
[INFO ] 2024-03-15 14:44:59.960 [main] StepDef - Set up Execution...
[INFO ] 2024-03-15 14:44:59.961 [main] StepDef - Before step Set Up Executed...
[INFO ] 2024-03-15 14:45:00.100 [main] StepDef - User Launch Chrome browser Executed...
[INFO ] 2024-03-15 14:45:00.100 [main] StepDef - Failed Test Case Screenshot...
[INFO ] 2024-03-15 14:45:00.100 [main] StepDef - Before step Set Up Executed...
[INFO ] 2024-03-15 14:45:01.686 [main] StepDef - User opens URL Executed...
[INFO ] 2024-03-15 14:45:01.687 [main] StepDef - Failed Test Case Screenshot...
[INFO ] 2024-03-15 14:45:01.687 [main] StepDef - Before step Set Up Executed...
[INFO ] 2024-03-15 14:45:02.214 [main] StepDef - User enters Email and Password Executed...
[INFO ] 2024-03-15 14:45:02.214 [main] StepDef - Failed Test Case Screenshot...
[INFO ] 2024-03-15 14:45:02.214 [main] StepDef - Before step Set Up Executed...
[INFO ] 2024-03-15 14:45:13.457 [main] StepDef - Click on Login Executed...
[INFO ] 2024-03-15 14:45:13.457 [main] StepDef - Failed Test Case Screenshot...
[INFO ] 2024-03-15 14:45:13.457 [main] StepDef - Before step Set Up Executed...
[WARN ] 2024-03-15 14:45:13.468 [main] StepDef - Page Title matched...
[INFO ] 2024-03-15 14:45:13.468 [main] StepDef - Failed Test Case Screenshot...
[INFO ] 2024-03-15 14:45:13.474 [main] StepDef - Before step Set Up Executed...
[INFO ] 2024-03-15 14:45:16.316 [main] StepDef - User click on Log out link Executed...
[INFO ] 2024-03-15 14:45:16.317 [main] StepDef - Failed Test Case Screenshot...
[INFO ] 2024-03-15 14:45:16.319 [main] StepDef - Before step Set Up Executed...
[WARN ] 2024-03-15 14:45:16.384 [main] StepDef - Page Title matched...
[INFO ] 2024-03-15 14:45:16.384 [main] StepDef - Failed Test Case Screenshot...
[INFO ] 2024-03-15 14:45:16.384 [main] StepDef - Before step Set Up Executed...
[INFO ] 2024-03-15 14:45:16.648 [main] StepDef - close browser Executed...
[INFO ] 2024-03-15 14:45:16.648 [main] StepDef - Failed Test Case Screenshot...
[INFO ] 2024-03-15 14:45:16.648 [main] StepDef - Failed Scenario Screenshot...
[INFO ] 2024-03-15 14:48:54.578 [main] StepDef - Set up Execution...
[INFO ] 2024-03-15 14:48:54.594 [main] StepDef - Before step Set Up Executed...
[INFO ] 2024-03-15 14:48:54.776 [main] StepDef - User Launch Chrome browser Executed...
[INFO ] 2024-03-15 14:48:54.781 [main] StepDef - Failed Test Case Screenshot...
[INFO ] 2024-03-15 14:48:54.781 [main] StepDef - Before step Set Up Executed...
[INFO ] 2024-03-15 14:48:55.698 [main] StepDef - User opens URL Executed...
[INFO ] 2024-03-15 14:48:55.699 [main] StepDef - Failed Test Case Screenshot...
[INFO ] 2024-03-15 14:48:55.700 [main] StepDef - Before step Set Up Executed...
[INFO ] 2024-03-15 14:48:55.964 [main] StepDef - User enters Email and Password Executed...
[INFO ] 2024-03-15 14:48:55.964 [main] StepDef - Failed Test Case Screenshot...
[INFO ] 2024-03-15 14:48:55.966 [main] StepDef - Before step Set Up Executed...
[INFO ] 2024-03-15 14:49:02.752 [main] StepDef - Click on Login Executed...
[INFO ] 2024-03-15 14:49:02.752 [main] StepDef - Failed Test Case Screenshot...
[INFO ] 2024-03-15 14:49:02.752 [main] StepDef - Before step Set Up Executed...
[WARN ] 2024-03-15 14:49:02.770 [main] StepDef - User can view Dashboad Executed...
[INFO ] 2024-03-15 14:49:02.770 [main] StepDef - Failed Test Case Screenshot...
[INFO ] 2024-03-15 14:49:02.776 [main] StepDef - Before step Set Up Executed...
[INFO ] 2024-03-15 14:49:03.895 [main] StepDef - User click on customers Menu Executed...
[INFO ] 2024-03-15 14:49:03.895 [main] StepDef - Failed Test Case Screenshot...
[INFO ] 2024-03-15 14:49:03.895 [main] StepDef - Before step Set Up Executed...
[INFO ] 2024-03-15 14:49:06.879 [main] StepDef - click on customers Menu Item Executed...
[INFO ] 2024-03-15 14:49:06.879 [main] StepDef - Failed Test Case Screenshot...
[INFO ] 2024-03-15 14:49:06.879 [main] StepDef - Before step Set Up Executed...
[INFO ] 2024-03-15 14:49:07.518 [main] StepDef - click on Add new button Executed...
[INFO ] 2024-03-15 14:49:07.518 [main] StepDef - Failed Test Case Screenshot...
[INFO ] 2024-03-15 14:49:07.522 [main] StepDef - Before step Set Up Executed...
[WARN ] 2024-03-15 14:49:07.530 [main] StepDef - User can view Add new customer page Executed...
[INFO ] 2024-03-15 14:49:07.530 [main] StepDef - Failed Test Case Screenshot...
[INFO ] 2024-03-15 14:49:07.530 [main] StepDef - Before step Set Up Executed...
[INFO ] 2024-03-15 14:49:08.585 [main] StepDef - User enter customer info Executed...
[INFO ] 2024-03-15 14:49:08.586 [main] StepDef - Failed Test Case Screenshot...
[INFO ] 2024-03-15 14:49:08.586 [main] StepDef - Before step Set Up Executed...
[INFO ] 2024-03-15 14:49:09.580 [main] StepDef - click on Save button Executed...
[INFO ] 2024-03-15 14:49:09.580 [main] StepDef - Failed Test Case Screenshot...
[INFO ] 2024-03-15 14:49:09.582 [main] StepDef - Before step Set Up Executed...
[WARN ] 2024-03-15 14:49:10.318 [main] StepDef - User cant view confirmation message Executed...
[INFO ] 2024-03-15 14:49:10.319 [main] StepDef - Failed Test Case Screenshot...
[INFO ] 2024-03-15 14:49:10.319 [main] StepDef - Before step Set Up Executed...
[INFO ] 2024-03-15 14:49:10.595 [main] StepDef - close browser Executed...
[INFO ] 2024-03-15 14:49:10.595 [main] StepDef - Failed Test Case Screenshot...
[INFO ] 2024-03-15 14:49:10.595 [main] StepDef - Failed Scenario Screenshot...
[INFO ] 2024-03-15 14:49:12.555 [main] StepDef - Set up Execution...
[INFO ] 2024-03-15 14:49:12.558 [main] StepDef - Before step Set Up Executed...
[INFO ] 2024-03-15 14:49:12.684 [main] StepDef - User Launch Chrome browser Executed...
[INFO ] 2024-03-15 14:49:12.684 [main] StepDef - Failed Test Case Screenshot...
[INFO ] 2024-03-15 14:49:12.684 [main] StepDef - Before step Set Up Executed...
[INFO ] 2024-03-15 14:49:13.375 [main] StepDef - User opens URL Executed...
[INFO ] 2024-03-15 14:49:13.376 [main] StepDef - Failed Test Case Screenshot...
[INFO ] 2024-03-15 14:49:13.377 [main] StepDef - Before step Set Up Executed...
[INFO ] 2024-03-15 14:49:13.705 [main] StepDef - User enters Email and Password Executed...
[INFO ] 2024-03-15 14:49:13.705 [main] StepDef - Failed Test Case Screenshot...
[INFO ] 2024-03-15 14:49:13.705 [main] StepDef - Before step Set Up Executed...
[INFO ] 2024-03-15 14:49:17.760 [main] StepDef - Click on Login Executed...
[INFO ] 2024-03-15 14:49:17.760 [main] StepDef - Failed Test Case Screenshot...
[INFO ] 2024-03-15 14:49:17.760 [main] StepDef - Before step Set Up Executed...
[WARN ] 2024-03-15 14:49:17.769 [main] StepDef - User can view Dashboad Executed...
[INFO ] 2024-03-15 14:49:17.769 [main] StepDef - Failed Test Case Screenshot...
[INFO ] 2024-03-15 14:49:17.769 [main] StepDef - Before step Set Up Executed...
[INFO ] 2024-03-15 14:49:18.887 [main] StepDef - User click on customers Menu Executed...
[INFO ] 2024-03-15 14:49:18.888 [main] StepDef - Failed Test Case Screenshot...
[INFO ] 2024-03-15 14:49:18.888 [main] StepDef - Before step Set Up Executed...
[INFO ] 2024-03-15 14:49:20.880 [main] StepDef - click on customers Menu Item Executed...
[INFO ] 2024-03-15 14:49:20.880 [main] StepDef - Failed Test Case Screenshot...
[INFO ] 2024-03-15 14:49:20.880 [main] StepDef - Before step Set Up Executed...
[INFO ] 2024-03-15 14:49:22.052 [main] StepDef - Enter customer EMail Executed...
[INFO ] 2024-03-15 14:49:22.053 [main] StepDef - Failed Test Case Screenshot...
[INFO ] 2024-03-15 14:49:22.053 [main] StepDef - Before step Set Up Executed...
[INFO ] 2024-03-15 14:49:23.167 [main] StepDef - Click on search button Executed...
[INFO ] 2024-03-15 14:49:23.168 [main] StepDef - Failed Test Case Screenshot...
[INFO ] 2024-03-15 14:49:23.168 [main] StepDef - Before step Set Up Executed...
[WARN ] 2024-03-15 14:49:23.262 [main] StepDef - User found Email in the Search table Executed...
[INFO ] 2024-03-15 14:49:23.264 [main] StepDef - Failed Test Case Screenshot...
[INFO ] 2024-03-15 14:49:23.265 [main] StepDef - Before step Set Up Executed...
[INFO ] 2024-03-15 14:49:23.501 [main] StepDef - close browser Executed...
[INFO ] 2024-03-15 14:49:23.502 [main] StepDef - Failed Test Case Screenshot...
[INFO ] 2024-03-15 14:49:23.503 [main] StepDef - Failed Scenario Screenshot...
[INFO ] 2024-03-15 14:49:25.665 [main] StepDef - Set up Execution...
[INFO ] 2024-03-15 14:49:25.665 [main] StepDef - Before step Set Up Executed...
[INFO ] 2024-03-15 14:49:25.802 [main] StepDef - User Launch Chrome browser Executed...
[INFO ] 2024-03-15 14:49:25.802 [main] StepDef - Failed Test Case Screenshot...
[INFO ] 2024-03-15 14:49:25.808 [main] StepDef - Before step Set Up Executed...
[INFO ] 2024-03-15 14:49:27.259 [main] StepDef - User opens URL Executed...
[INFO ] 2024-03-15 14:49:27.259 [main] StepDef - Failed Test Case Screenshot...
[INFO ] 2024-03-15 14:49:27.260 [main] StepDef - Before step Set Up Executed...
[INFO ] 2024-03-15 14:49:27.681 [main] StepDef - User enters Email and Password Executed...
[INFO ] 2024-03-15 14:49:27.682 [main] StepDef - Failed Test Case Screenshot...
[INFO ] 2024-03-15 14:49:27.683 [main] StepDef - Before step Set Up Executed...
[INFO ] 2024-03-15 14:49:31.660 [main] StepDef - Click on Login Executed...
[INFO ] 2024-03-15 14:49:31.660 [main] StepDef - Failed Test Case Screenshot...
[INFO ] 2024-03-15 14:49:31.660 [main] StepDef - Before step Set Up Executed...
[WARN ] 2024-03-15 14:49:31.677 [main] StepDef - User can view Dashboad Executed...
[INFO ] 2024-03-15 14:49:31.677 [main] StepDef - Failed Test Case Screenshot...
[INFO ] 2024-03-15 14:49:31.677 [main] StepDef - Before step Set Up Executed...
[INFO ] 2024-03-15 14:49:32.783 [main] StepDef - User click on customers Menu Executed...
[INFO ] 2024-03-15 14:49:32.783 [main] StepDef - Failed Test Case Screenshot...
[INFO ] 2024-03-15 14:49:32.783 [main] StepDef - Before step Set Up Executed...
[INFO ] 2024-03-15 14:49:34.732 [main] StepDef - click on customers Menu Item Executed...
[INFO ] 2024-03-15 14:49:34.733 [main] StepDef - Failed Test Case Screenshot...
[INFO ] 2024-03-15 14:49:34.734 [main] StepDef - Before step Set Up Executed...
[INFO ] 2024-03-15 14:49:34.867 [main] StepDef - Enter customer First Name Executed...
[INFO ] 2024-03-15 14:49:34.867 [main] StepDef - Failed Test Case Screenshot...
[INFO ] 2024-03-15 14:49:34.870 [main] StepDef - Before step Set Up Executed...
[INFO ] 2024-03-15 14:49:35.018 [main] StepDef - Enter customer Last Name Executed...
[INFO ] 2024-03-15 14:49:35.019 [main] StepDef - Failed Test Case Screenshot...
[INFO ] 2024-03-15 14:49:35.019 [main] StepDef - Before step Set Up Executed...
[INFO ] 2024-03-15 14:49:36.134 [main] StepDef - Click on search button Executed...
[INFO ] 2024-03-15 14:49:36.134 [main] StepDef - Failed Test Case Screenshot...
[INFO ] 2024-03-15 14:49:36.135 [main] StepDef - Before step Set Up Executed...
[INFO ] 2024-03-15 14:49:36.241 [main] StepDef - User found Name in the Search table Executed...
[INFO ] 2024-03-15 14:49:36.241 [main] StepDef - Failed Test Case Screenshot...
[INFO ] 2024-03-15 14:49:36.241 [main] StepDef - Before step Set Up Executed...
[INFO ] 2024-03-15 14:49:36.454 [main] StepDef - close browser Executed...
[INFO ] 2024-03-15 14:49:36.454 [main] StepDef - Failed Test Case Screenshot...
[INFO ] 2024-03-15 14:49:36.454 [main] StepDef - Failed Scenario Screenshot...
[INFO ] 2024-03-15 14:49:38.623 [main] StepDef - Set up Execution...
[INFO ] 2024-03-15 14:49:38.623 [main] StepDef - Before step Set Up Executed...
[INFO ] 2024-03-15 14:49:38.768 [main] StepDef - User Launch Chrome browser Executed...
[INFO ] 2024-03-15 14:49:38.768 [main] StepDef - Failed Test Case Screenshot...
[INFO ] 2024-03-15 14:49:38.768 [main] StepDef - Before step Set Up Executed...
[INFO ] 2024-03-15 14:49:41.055 [main] StepDef - User opens URL Executed...
[INFO ] 2024-03-15 14:49:41.055 [main] StepDef - Failed Test Case Screenshot...
[INFO ] 2024-03-15 14:49:41.056 [main] StepDef - Before step Set Up Executed...
[INFO ] 2024-03-15 14:49:41.387 [main] StepDef - User enters Email and Password Executed...
[INFO ] 2024-03-15 14:49:41.388 [main] StepDef - Failed Test Case Screenshot...
[INFO ] 2024-03-15 14:49:41.388 [main] StepDef - Before step Set Up Executed...
[INFO ] 2024-03-15 14:49:45.690 [main] StepDef - Click on Login Executed...
[INFO ] 2024-03-15 14:49:45.691 [main] StepDef - Failed Test Case Screenshot...
[INFO ] 2024-03-15 14:49:45.691 [main] StepDef - Before step Set Up Executed...
[WARN ] 2024-03-15 14:49:45.704 [main] StepDef - Page Title matched...
[INFO ] 2024-03-15 14:49:45.705 [main] StepDef - Failed Test Case Screenshot...
[INFO ] 2024-03-15 14:49:45.705 [main] StepDef - Before step Set Up Executed...
[INFO ] 2024-03-15 14:49:47.491 [main] StepDef - User click on Log out link Executed...
[INFO ] 2024-03-15 14:49:47.491 [main] StepDef - Failed Test Case Screenshot...
[INFO ] 2024-03-15 14:49:47.491 [main] StepDef - Before step Set Up Executed...
[WARN ] 2024-03-15 14:49:47.549 [main] StepDef - Page Title matched...
[INFO ] 2024-03-15 14:49:47.549 [main] StepDef - Failed Test Case Screenshot...
[INFO ] 2024-03-15 14:49:47.549 [main] StepDef - Before step Set Up Executed...
[INFO ] 2024-03-15 14:49:47.792 [main] StepDef - close browser Executed...
[INFO ] 2024-03-15 14:49:47.792 [main] StepDef - Failed Test Case Screenshot...
[INFO ] 2024-03-15 14:49:47.792 [main] StepDef - Failed Scenario Screenshot...
[INFO ] 2024-03-15 14:49:52.789 [main] StepDef - Set up Execution...
[INFO ] 2024-03-15 14:49:52.790 [main] StepDef - Before step Set Up Executed...
[INFO ] 2024-03-15 14:49:52.936 [main] StepDef - User Launch Chrome browser Executed...
[INFO ] 2024-03-15 14:49:52.937 [main] StepDef - Failed Test Case Screenshot...
[INFO ] 2024-03-15 14:49:52.938 [main] StepDef - Before step Set Up Executed...
[INFO ] 2024-03-15 14:49:54.377 [main] StepDef - User opens URL Executed...
[INFO ] 2024-03-15 14:49:54.378 [main] StepDef - Failed Test Case Screenshot...
[INFO ] 2024-03-15 14:49:54.380 [main] StepDef - Before step Set Up Executed...
[INFO ] 2024-03-15 14:49:54.728 [main] StepDef - User enters Email and Password Executed...
[INFO ] 2024-03-15 14:49:54.729 [main] StepDef - Failed Test Case Screenshot...
[INFO ] 2024-03-15 14:49:54.729 [main] StepDef - Before step Set Up Executed...
[INFO ] 2024-03-15 14:49:59.945 [main] StepDef - Click on Login Executed...
[INFO ] 2024-03-15 14:49:59.947 [main] StepDef - Failed Test Case Screenshot...
[INFO ] 2024-03-15 14:49:59.948 [main] StepDef - Before step Set Up Executed...
[WARN ] 2024-03-15 14:49:59.959 [main] StepDef - Page Title matched...
[INFO ] 2024-03-15 14:49:59.960 [main] StepDef - Failed Test Case Screenshot...
[INFO ] 2024-03-15 14:49:59.961 [main] StepDef - Before step Set Up Executed...
[INFO ] 2024-03-15 14:50:02.955 [main] StepDef - User click on Log out link Executed...
[INFO ] 2024-03-15 14:50:02.955 [main] StepDef - Failed Test Case Screenshot...
[INFO ] 2024-03-15 14:50:02.955 [main] StepDef - Before step Set Up Executed...
[WARN ] 2024-03-15 14:50:03.014 [main] StepDef - Page Title matched...
[INFO ] 2024-03-15 14:50:03.014 [main] StepDef - Failed Test Case Screenshot...
[INFO ] 2024-03-15 14:50:03.014 [main] StepDef - Before step Set Up Executed...
[INFO ] 2024-03-15 14:50:03.265 [main] StepDef - close browser Executed...
[INFO ] 2024-03-15 14:50:03.267 [main] StepDef - Failed Test Case Screenshot...
[INFO ] 2024-03-15 14:50:03.267 [main] StepDef - Failed Scenario Screenshot...
[INFO ] 2024-03-15 15:07:58.577 [main] StepDef - Set up Execution...
[INFO ] 2024-03-15 15:07:58.594 [main] StepDef - Before step Set Up Executed...
[INFO ] 2024-03-15 15:07:58.762 [main] StepDef - User Launch Chrome browser Executed...
[INFO ] 2024-03-15 15:07:58.764 [main] StepDef - Before step Set Up Executed...
[INFO ] 2024-03-15 15:08:01.335 [main] StepDef - User opens URL Executed...
[INFO ] 2024-03-15 15:08:01.336 [main] StepDef - Before step Set Up Executed...
[INFO ] 2024-03-15 15:08:01.596 [main] StepDef - User enters Email and Password Executed...
[INFO ] 2024-03-15 15:08:01.596 [main] StepDef - Before step Set Up Executed...
[INFO ] 2024-03-15 15:08:37.224 [main] StepDef - Click on Login Executed...
[INFO ] 2024-03-15 15:08:37.224 [main] StepDef - Before step Set Up Executed...
[WARN ] 2024-03-15 15:08:38.670 [main] StepDef - User can view Dashboad Executed...
[INFO ] 2024-03-15 15:08:38.671 [main] StepDef - Before step Set Up Executed...
[INFO ] 2024-03-15 15:08:39.764 [main] StepDef - User click on customers Menu Executed...
[INFO ] 2024-03-15 15:08:39.764 [main] StepDef - Before step Set Up Executed...
[INFO ] 2024-03-15 15:10:55.490 [main] StepDef - click on customers Menu Item Executed...
[INFO ] 2024-03-15 15:10:55.491 [main] StepDef - Before step Set Up Executed...
[INFO ] 2024-03-15 15:11:16.858 [main] StepDef - click on Add new button Executed...
[INFO ] 2024-03-15 15:11:16.858 [main] StepDef - Before step Set Up Executed...
[WARN ] 2024-03-15 15:11:16.875 [main] StepDef - User can view Add new customer page Executed...
[INFO ] 2024-03-15 15:11:16.883 [main] StepDef - Before step Set Up Executed...
[INFO ] 2024-03-15 15:11:18.053 [main] StepDef - User enter customer info Executed...
[INFO ] 2024-03-15 15:11:18.053 [main] StepDef - Before step Set Up Executed...
[INFO ] 2024-03-15 15:12:57.563 [main] StepDef - click on Save button Executed...
[INFO ] 2024-03-15 15:12:57.564 [main] StepDef - Before step Set Up Executed...
[INFO ] 2024-03-15 15:12:58.357 [main] StepDef - Failed Scenario Screenshot...
[INFO ] 2024-03-15 15:13:00.250 [main] StepDef - Set up Execution...
[INFO ] 2024-03-15 15:13:00.252 [main] StepDef - Before step Set Up Executed...
[INFO ] 2024-03-15 15:13:00.386 [main] StepDef - User Launch Chrome browser Executed...
[INFO ] 2024-03-15 15:13:00.387 [main] StepDef - Before step Set Up Executed...
[INFO ] 2024-03-15 15:13:01.720 [main] StepDef - User opens URL Executed...
[INFO ] 2024-03-15 15:13:01.721 [main] StepDef - Before step Set Up Executed...
[INFO ] 2024-03-15 15:13:01.960 [main] StepDef - User enters Email and Password Executed...
[INFO ] 2024-03-15 15:13:01.961 [main] StepDef - Before step Set Up Executed...
[INFO ] 2024-03-15 15:15:13.853 [main] StepDef - Click on Login Executed...
[INFO ] 2024-03-15 15:15:13.853 [main] StepDef - Before step Set Up Executed...
[WARN ] 2024-03-15 15:15:13.853 [main] StepDef - User can view Dashboad Executed...
[INFO ] 2024-03-15 15:15:13.853 [main] StepDef - Before step Set Up Executed...
[INFO ] 2024-03-15 15:15:14.975 [main] StepDef - User click on customers Menu Executed...
[INFO ] 2024-03-15 15:15:14.975 [main] StepDef - Before step Set Up Executed...
[INFO ] 2024-03-15 15:15:46.813 [main] StepDef - click on customers Menu Item Executed...
[INFO ] 2024-03-15 15:15:46.813 [main] StepDef - Before step Set Up Executed...
[INFO ] 2024-03-15 15:15:48.842 [main] StepDef - Set up Execution...
[INFO ] 2024-03-15 15:15:48.843 [main] StepDef - Before step Set Up Executed...
[INFO ] 2024-03-15 15:15:48.978 [main] StepDef - User Launch Chrome browser Executed...
[INFO ] 2024-03-15 15:15:48.978 [main] StepDef - Before step Set Up Executed...
[INFO ] 2024-03-15 15:15:50.990 [main] StepDef - User opens URL Executed...
[INFO ] 2024-03-15 15:15:50.991 [main] StepDef - Before step Set Up Executed...
[INFO ] 2024-03-15 15:15:51.380 [main] StepDef - User enters Email and Password Executed...
[INFO ] 2024-03-15 15:15:51.381 [main] StepDef - Before step Set Up Executed...
[INFO ] 2024-03-15 15:15:56.095 [main] StepDef - Click on Login Executed...
[INFO ] 2024-03-15 15:15:56.096 [main] StepDef - Before step Set Up Executed...
[WARN ] 2024-03-15 15:15:56.104 [main] StepDef - User can view Dashboad Executed...
[INFO ] 2024-03-15 15:15:56.105 [main] StepDef - Before step Set Up Executed...
[INFO ] 2024-03-15 15:15:57.208 [main] StepDef - User click on customers Menu Executed...
[INFO ] 2024-03-15 15:15:57.209 [main] StepDef - Before step Set Up Executed...
[INFO ] 2024-03-15 15:15:59.148 [main] StepDef - click on customers Menu Item Executed...
[INFO ] 2024-03-15 15:15:59.148 [main] StepDef - Before step Set Up Executed...
[INFO ] 2024-03-15 15:15:59.285 [main] StepDef - Enter customer First Name Executed...
[INFO ] 2024-03-15 15:15:59.285 [main] StepDef - Before step Set Up Executed...
[INFO ] 2024-03-15 15:15:59.421 [main] StepDef - Enter customer Last Name Executed...
[INFO ] 2024-03-15 15:15:59.422 [main] StepDef - Before step Set Up Executed...
[INFO ] 2024-03-15 15:16:00.529 [main] StepDef - Click on search button Executed...
[INFO ] 2024-03-15 15:16:00.530 [main] StepDef - Before step Set Up Executed...
[INFO ] 2024-03-15 15:16:00.666 [main] StepDef - User found Name in the Search table Executed...
[INFO ] 2024-03-15 15:16:00.667 [main] StepDef - Before step Set Up Executed...
[INFO ] 2024-03-15 15:16:00.863 [main] StepDef - close browser Executed...
[INFO ] 2024-03-15 15:16:00.864 [main] StepDef - Failed Scenario Screenshot...
[INFO ] 2024-03-15 15:16:03.067 [main] StepDef - Set up Execution...
[INFO ] 2024-03-15 15:16:03.068 [main] StepDef - Before step Set Up Executed...
[INFO ] 2024-03-15 15:16:03.195 [main] StepDef - User Launch Chrome browser Executed...
[INFO ] 2024-03-15 15:16:03.196 [main] StepDef - Before step Set Up Executed...
[INFO ] 2024-03-15 15:16:04.840 [main] StepDef - User opens URL Executed...
[INFO ] 2024-03-15 15:16:04.840 [main] StepDef - Before step Set Up Executed...
[INFO ] 2024-03-15 15:16:05.184 [main] StepDef - User enters Email and Password Executed...
[INFO ] 2024-03-15 15:16:05.186 [main] StepDef - Before step Set Up Executed...
[INFO ] 2024-03-15 15:16:26.803 [main] StepDef - Click on Login Executed...
[INFO ] 2024-03-15 15:16:26.804 [main] StepDef - Before step Set Up Executed...
[WARN ] 2024-03-15 15:16:32.649 [main] StepDef - Page Title matched...
[INFO ] 2024-03-15 15:16:32.650 [main] StepDef - Before step Set Up Executed...
[INFO ] 2024-03-15 15:16:36.399 [main] StepDef - User click on Log out link Executed...
[INFO ] 2024-03-15 15:16:36.400 [main] StepDef - Before step Set Up Executed...
[WARN ] 2024-03-15 15:16:36.484 [main] StepDef - Page Title matched...
[INFO ] 2024-03-15 15:16:36.486 [main] StepDef - Before step Set Up Executed...
[INFO ] 2024-03-15 15:16:36.649 [main] StepDef - close browser Executed...
[INFO ] 2024-03-15 15:16:36.650 [main] StepDef - Failed Scenario Screenshot...
[INFO ] 2024-03-15 15:16:38.648 [main] StepDef - Set up Execution...
[INFO ] 2024-03-15 15:16:38.649 [main] StepDef - Before step Set Up Executed...
[INFO ] 2024-03-15 15:16:38.781 [main] StepDef - User Launch Chrome browser Executed...
[INFO ] 2024-03-15 15:16:38.782 [main] StepDef - Before step Set Up Executed...
[INFO ] 2024-03-15 15:16:40.356 [main] StepDef - User opens URL Executed...
[INFO ] 2024-03-15 15:16:40.357 [main] StepDef - Before step Set Up Executed...
[INFO ] 2024-03-15 15:16:40.664 [main] StepDef - User enters Email and Password Executed...
[INFO ] 2024-03-15 15:16:40.664 [main] StepDef - Before step Set Up Executed...
[INFO ] 2024-03-15 15:17:24.016 [main] StepDef - Click on Login Executed...
[INFO ] 2024-03-15 15:17:24.016 [main] StepDef - Before step Set Up Executed...
[INFO ] 2024-03-15 15:18:31.940 [main] StepDef - Set up Execution...
[INFO ] 2024-03-15 15:18:32.140 [main] StepDef - User Launch Chrome browser Executed...
[INFO ] 2024-03-15 15:18:36.602 [main] StepDef - User opens URL Executed...
[INFO ] 2024-03-15 15:18:37.101 [main] StepDef - User enters Email and Password Executed...
[INFO ] 2024-03-15 15:19:33.636 [main] StepDef - Click on Login Executed...
[INFO ] 2024-03-15 15:19:34.715 [main] StepDef - Set up Execution...
[INFO ] 2024-03-15 15:19:34.849 [main] StepDef - User Launch Chrome browser Executed...
[INFO ] 2024-03-15 15:19:35.504 [main] StepDef - Failed Scenario Screenshot...
[INFO ] 2024-03-15 15:19:36.468 [main] StepDef - Set up Execution...
[INFO ] 2024-03-15 15:19:36.603 [main] StepDef - User Launch Chrome browser Executed...
[INFO ] 2024-03-15 15:19:37.303 [main] StepDef - Failed Scenario Screenshot...
[INFO ] 2024-03-15 15:19:38.296 [main] StepDef - Set up Execution...
[INFO ] 2024-03-15 15:19:38.441 [main] StepDef - User Launch Chrome browser Executed...
[INFO ] 2024-03-15 15:19:39.103 [main] StepDef - Failed Scenario Screenshot...
[INFO ] 2024-03-15 15:19:40.021 [main] StepDef - Set up Execution...
[INFO ] 2024-03-15 15:19:40.168 [main] StepDef - User Launch Chrome browser Executed...
[INFO ] 2024-03-15 15:19:40.801 [main] StepDef - Failed Scenario Screenshot...
[INFO ] 2024-03-15 15:21:05.609 [main] StepDef - Set up Execution...
[INFO ] 2024-03-15 15:21:05.813 [main] StepDef - User Launch Chrome browser.
[INFO ] 2024-03-15 15:21:06.462 [main] StepDef - Failed Scenario Screenshot...
[INFO ] 2024-03-15 15:21:07.447 [main] StepDef - Set up Execution...
[INFO ] 2024-03-15 15:21:07.585 [main] StepDef - User Launch Chrome browser.
[INFO ] 2024-03-15 15:21:08.253 [main] StepDef - Failed Scenario Screenshot...
[INFO ] 2024-03-15 15:21:09.265 [main] StepDef - Set up Execution...
[INFO ] 2024-03-15 15:21:09.413 [main] StepDef - User Launch Chrome browser.
[INFO ] 2024-03-15 15:21:10.065 [main] StepDef - Failed Scenario Screenshot...
[INFO ] 2024-03-15 15:21:11.032 [main] StepDef - Set up Execution...
[INFO ] 2024-03-15 15:21:11.180 [main] StepDef - User Launch Chrome browser.
[INFO ] 2024-03-15 15:21:11.812 [main] StepDef - Failed Scenario Screenshot...
[INFO ] 2024-03-15 15:21:12.767 [main] StepDef - Set up Execution...
[INFO ] 2024-03-15 15:21:12.913 [main] StepDef - User Launch Chrome browser.
[INFO ] 2024-03-15 15:21:13.535 [main] StepDef - Failed Scenario Screenshot...
[INFO ] 2024-03-15 15:21:35.709 [main] StepDef - Set up Execution...
[INFO ] 2024-03-15 15:21:35.908 [main] StepDef - User Launch Chrome browser.
[INFO ] 2024-03-15 15:21:38.141 [main] StepDef - User opens URL .
[INFO ] 2024-03-15 15:21:38.621 [main] StepDef - User enters Email and Password.
[INFO ] 2024-03-15 15:21:43.997 [main] StepDef - Click on Login.
[WARN ] 2024-03-15 15:21:44.021 [main] StepDef - User can view Dashboad.
[INFO ] 2024-03-15 15:21:45.166 [main] StepDef - User click on customers Menu.
[INFO ] 2024-03-15 15:21:47.127 [main] StepDef - click on customers Menu Item.
[INFO ] 2024-03-15 15:21:47.884 [main] StepDef - click on Add new button.
[WARN ] 2024-03-15 15:21:47.893 [main] StepDef - User can view Add new customer page.
[INFO ] 2024-03-15 15:21:50.035 [main] StepDef - User enter customer info.
[INFO ] 2024-03-15 15:21:51.010 [main] StepDef - click on Save button.
[WARN ] 2024-03-15 15:21:51.835 [main] StepDef - User cant view confirmation message.
[INFO ] 2024-03-15 15:21:52.013 [main] StepDef - close browser Executed...
[INFO ] 2024-03-15 15:21:52.016 [main] StepDef - Failed Scenario Screenshot...
[INFO ] 2024-03-15 15:21:52.939 [main] StepDef - Set up Execution...
[INFO ] 2024-03-15 15:21:53.078 [main] StepDef - User Launch Chrome browser.
[INFO ] 2024-03-15 15:21:54.887 [main] StepDef - User opens URL .
[INFO ] 2024-03-15 15:21:55.352 [main] StepDef - User enters Email and Password.
[INFO ] 2024-03-15 15:21:59.678 [main] StepDef - Click on Login.
[WARN ] 2024-03-15 15:21:59.694 [main] StepDef - User can view Dashboad.
[INFO ] 2024-03-15 15:22:00.843 [main] StepDef - User click on customers Menu.
[INFO ] 2024-03-15 15:22:02.960 [main] StepDef - click on customers Menu Item.
[INFO ] 2024-03-15 15:22:04.143 [main] StepDef - Enter customer EMail.
[INFO ] 2024-03-15 15:22:05.279 [main] StepDef - Click on search button.
[WARN ] 2024-03-15 15:22:05.370 [main] StepDef - User found Email in the Search table.
[INFO ] 2024-03-15 15:22:05.548 [main] StepDef - close browser Executed...
[INFO ] 2024-03-15 15:22:05.549 [main] StepDef - Failed Scenario Screenshot...
[INFO ] 2024-03-15 15:22:06.506 [main] StepDef - Set up Execution...
[INFO ] 2024-03-15 15:22:06.639 [main] StepDef - User Launch Chrome browser.
[INFO ] 2024-03-15 15:22:08.324 [main] StepDef - User opens URL .
[INFO ] 2024-03-15 15:22:08.816 [main] StepDef - User enters Email and Password.
[INFO ] 2024-03-15 15:22:14.001 [main] StepDef - Click on Login.
[WARN ] 2024-03-15 15:22:14.015 [main] StepDef - User can view Dashboad.
[INFO ] 2024-03-15 15:22:15.177 [main] StepDef - User click on customers Menu.
[INFO ] 2024-03-15 15:22:17.107 [main] StepDef - click on customers Menu Item.
[INFO ] 2024-03-15 15:22:17.256 [main] StepDef - Enter customer First Name.
[INFO ] 2024-03-15 15:22:17.412 [main] StepDef - Enter customer Last Name.
[INFO ] 2024-03-15 15:22:18.550 [main] StepDef - Click on search button.
[INFO ] 2024-03-15 15:22:18.688 [main] StepDef - User found Name in the Search table.
[INFO ] 2024-03-15 15:22:18.864 [main] StepDef - close browser Executed...
[INFO ] 2024-03-15 15:22:18.865 [main] StepDef - Failed Scenario Screenshot...
[INFO ] 2024-03-15 15:22:19.768 [main] StepDef - Set up Execution...
[INFO ] 2024-03-15 15:22:19.914 [main] StepDef - User Launch Chrome browser.
[INFO ] 2024-03-15 15:22:21.376 [main] StepDef - User opens URL .
[INFO ] 2024-03-15 15:22:21.835 [main] StepDef - User enters Email and Password.
[INFO ] 2024-03-15 15:26:23.459 [main] StepDef - Click on Login.
[WARN ] 2024-03-15 15:26:23.459 [main] StepDef - Page Title matched...
[INFO ] 2024-03-15 15:26:25.106 [main] StepDef - Failed Scenario Screenshot...
[INFO ] 2024-03-15 15:26:26.087 [main] StepDef - Set up Execution...
[INFO ] 2024-03-15 15:26:26.212 [main] StepDef - User Launch Chrome browser.
[INFO ] 2024-03-15 15:26:28.153 [main] StepDef - User opens URL .
[INFO ] 2024-03-15 15:26:28.612 [main] StepDef - User enters Email and Password.
[INFO ] 2024-03-15 15:26:32.908 [main] StepDef - Click on Login.
[WARN ] 2024-03-15 15:26:32.922 [main] StepDef - Page Title matched...
[INFO ] 2024-03-15 15:26:34.937 [main] StepDef - User click on Log out link.
[WARN ] 2024-03-15 15:26:34.981 [main] StepDef - Page Title matched...
[INFO ] 2024-03-15 15:26:35.173 [main] StepDef - close browser Executed...
[INFO ] 2024-03-15 15:26:35.173 [main] StepDef - Failed Scenario Screenshot...
